<?xml version="1.0" encoding="UTF-8"?>
<testng-results ignored="0" total="2" passed="1" failed="1" skipped="0">
  <reporter-output>
  </reporter-output>
  <suite started-at="2022-10-17T22:37:32 IST" name="Orion Suite" finished-at="2022-10-17T22:38:06 IST" duration-ms="33936">
    <groups>
    </groups>
    <test started-at="2022-10-17T22:37:32 IST" name="FolderTests" finished-at="2022-10-17T22:38:06 IST" duration-ms="33936">
      <class name="MainTests.Folder_Test">
        <test-method is-config="true" signature="IntializeBrowser()[pri:0, instance:MainTests.Folder_Test@7d900ecf]" started-at="2022-10-17T22:37:32 IST" name="IntializeBrowser" finished-at="2022-10-17T22:37:36 IST" duration-ms="4106" status="PASS">
          <reporter-output>
          </reporter-output>
        </test-method> <!-- IntializeBrowser -->
        <test-method signature="folderTest()[pri:0, instance:MainTests.Folder_Test@7d900ecf]" started-at="2022-10-17T22:37:36 IST" name="folderTest" finished-at="2022-10-17T22:38:05 IST" duration-ms="29344" status="PASS">
          <reporter-output>
          </reporter-output>
        </test-method> <!-- folderTest -->
        <test-method signature="folderTestUi()[pri:0, instance:MainTests.Folder_Test@7d900ecf]" started-at="2022-10-17T22:38:05 IST" name="folderTestUi" finished-at="2022-10-17T22:38:05 IST" duration-ms="68" status="FAIL">
          <exception class="java.lang.AssertionError">
            <message>
              <![CDATA[add to favrourites button is not disabled]]>
            </message>
            <full-stacktrace>
              <![CDATA[java.lang.AssertionError: add to favrourites button is not disabled
at org.testng.Assert.fail(Assert.java:99)
at MainTests.Folder_Test.folderTestUi(Folder_Test.java:92)
at java.base/jdk.internal.reflect.NativeMethodAccessorImpl.invoke0(Native Method)
at java.base/jdk.internal.reflect.NativeMethodAccessorImpl.invoke(NativeMethodAccessorImpl.java:77)
at java.base/jdk.internal.reflect.DelegatingMethodAccessorImpl.invoke(DelegatingMethodAccessorImpl.java:43)
at java.base/java.lang.reflect.Method.invoke(Method.java:568)
at org.testng.internal.MethodInvocationHelper.invokeMethod(MethodInvocationHelper.java:133)
at org.testng.internal.TestInvoker.invokeMethod(TestInvoker.java:598)
at org.testng.internal.TestInvoker.invokeTestMethod(TestInvoker.java:173)
at org.testng.internal.MethodRunner.runInSequence(MethodRunner.java:46)
at org.testng.internal.TestInvoker$MethodInvocationAgent.invoke(TestInvoker.java:824)
at org.testng.internal.TestInvoker.invokeTestMethods(TestInvoker.java:146)
at org.testng.internal.TestMethodWorker.invokeTestMethods(TestMethodWorker.java:146)
at org.testng.internal.TestMethodWorker.run(TestMethodWorker.java:128)
at java.base/java.util.ArrayList.forEach(ArrayList.java:1511)
at org.testng.TestRunner.privateRun(TestRunner.java:794)
at org.testng.TestRunner.run(TestRunner.java:596)
at org.testng.SuiteRunner.runTest(SuiteRunner.java:377)
at org.testng.SuiteRunner.runSequentially(SuiteRunner.java:371)
at org.testng.SuiteRunner.privateRun(SuiteRunner.java:332)
at org.testng.SuiteRunner.run(SuiteRunner.java:276)
at org.testng.SuiteRunnerWorker.runSuite(SuiteRunnerWorker.java:53)
at org.testng.SuiteRunnerWorker.run(SuiteRunnerWorker.java:96)
at org.testng.TestNG.runSuitesSequentially(TestNG.java:1212)
at org.testng.TestNG.runSuitesLocally(TestNG.java:1134)
at org.testng.TestNG.runSuites(TestNG.java:1063)
at org.testng.TestNG.run(TestNG.java:1031)
at org.testng.remote.AbstractRemoteTestNG.run(AbstractRemoteTestNG.java:115)
at org.testng.remote.RemoteTestNG.initAndRun(RemoteTestNG.java:251)
at org.testng.remote.RemoteTestNG.main(RemoteTestNG.java:77)
]]>
            </full-stacktrace>
          </exception> <!-- java.lang.AssertionError -->
          <reporter-output>
          </reporter-output>
        </test-method> <!-- folderTestUi -->
      </class> <!-- MainTests.Folder_Test -->
    </test> <!-- FolderTests -->
  </suite> <!-- Orion Suite -->
</testng-results>
